2025-08-02 17:36:03.821628 --- ERROR --- name 'database' is not defined
2025-08-02 17:37:08.215424 --- ERROR --- name 'database' is not defined
2025-08-02 17:37:30.670854 --- ERROR --- name 'database' is not defined
2025-08-02 17:38:43.505273 --- ERROR --- name 'database' is not defined
2025-08-02 17:42:54.590907 --- INFO --- logins Created!
2025-08-02 17:42:54.598471 --- INFO --- sites Created!
2025-08-02 17:42:54.605416 --- INFO --- roles Created!
2025-08-02 17:42:54.611444 --- INFO --- units Created!
2025-08-02 17:42:54.627265 --- INFO --- cost_layers Created!
2025-08-02 17:42:54.635985 --- INFO --- linked_items Created!
2025-08-02 17:42:54.643245 --- INFO --- brands Created!
2025-08-02 17:42:54.651461 --- INFO --- food_info Created!
2025-08-02 17:42:54.660454 --- INFO --- item_info Created!
2025-08-02 17:42:54.668702 --- INFO --- zones Created!
2025-08-02 17:42:54.677999 --- INFO --- locations Created!
2025-08-02 17:42:54.686410 --- INFO --- logistics_info Created!
2025-08-02 17:42:54.694318 --- INFO --- transactions Created!
2025-08-02 17:42:54.704109 --- INFO --- item Created!
2025-08-02 17:42:54.712218 --- INFO --- vendors Created!
2025-08-02 17:42:54.721027 --- INFO --- groups Created!
2025-08-02 17:42:54.730414 --- INFO --- group_items Created!
2025-08-02 17:42:54.739860 --- INFO --- receipts Created!
2025-08-02 17:42:54.748305 --- INFO --- receipt_items Created!
2025-08-02 17:42:54.756246 --- INFO --- recipes Created!
2025-08-02 17:42:54.765949 --- INFO --- recipe_items Created!
2025-08-02 17:42:54.775736 --- INFO --- shopping_lists Created!
2025-08-02 17:42:54.785212 --- INFO --- shopping_list_items Created!
2025-08-02 17:42:54.795440 --- INFO --- item_locations Created!
2025-08-02 17:42:54.803953 --- INFO --- conversions Created!
2025-08-02 17:42:54.808022 --- INFO --- Admin User Created!
2025-08-02 17:43:14.105719 --- INFO --- logins Created!
2025-08-02 17:43:14.109485 --- INFO --- sites Created!
2025-08-02 17:43:14.113017 --- INFO --- roles Created!
2025-08-02 17:43:14.116541 --- INFO --- units Created!
2025-08-02 17:43:14.122976 --- INFO --- cost_layers Created!
2025-08-02 17:43:14.129403 --- INFO --- linked_items Created!
2025-08-02 17:43:14.134059 --- INFO --- brands Created!
2025-08-02 17:43:14.139917 --- INFO --- food_info Created!
2025-08-02 17:43:14.146866 --- INFO --- item_info Created!
2025-08-02 17:43:14.153027 --- INFO --- zones Created!
2025-08-02 17:43:14.158782 --- INFO --- locations Created!
2025-08-02 17:43:14.164872 --- INFO --- logistics_info Created!
2025-08-02 17:43:14.170766 --- INFO --- transactions Created!
2025-08-02 17:43:14.178190 --- INFO --- item Created!
2025-08-02 17:43:14.183717 --- INFO --- vendors Created!
2025-08-02 17:43:14.189851 --- INFO --- groups Created!
2025-08-02 17:43:14.197086 --- INFO --- group_items Created!
2025-08-02 17:43:14.203797 --- INFO --- receipts Created!
2025-08-02 17:43:14.209943 --- INFO --- receipt_items Created!
2025-08-02 17:43:14.215472 --- INFO --- recipes Created!
2025-08-02 17:43:14.222578 --- INFO --- recipe_items Created!
2025-08-02 17:43:14.229450 --- INFO --- shopping_lists Created!
2025-08-02 17:43:14.237020 --- INFO --- shopping_list_items Created!
2025-08-02 17:43:14.244526 --- INFO --- item_locations Created!
2025-08-02 17:43:14.250619 --- INFO --- conversions Created!
2025-08-02 17:43:14.254671 --- INFO --- Admin User Created!
2025-08-02 18:17:38.525725 --- INFO --- item_info DROPPED!
2025-08-02 18:17:38.534293 --- INFO --- items DROPPED!
2025-08-02 18:17:38.540958 --- INFO --- cost_layers DROPPED!
2025-08-02 18:17:38.547807 --- INFO --- linked_items DROPPED!
2025-08-02 18:17:38.554534 --- INFO --- transactions DROPPED!
2025-08-02 18:17:38.560954 --- INFO --- brands DROPPED!
2025-08-02 18:17:38.567781 --- INFO --- food_info DROPPED!
2025-08-02 18:17:38.574657 --- INFO --- logistics_info DROPPED!
2025-08-02 18:17:38.581696 --- INFO --- zones DROPPED!
2025-08-02 18:17:38.588647 --- INFO --- locations DROPPED!
2025-08-02 18:17:38.595646 --- INFO --- vendors DROPPED!
2025-08-02 18:17:38.602703 --- INFO --- group_items DROPPED!
2025-08-02 18:17:38.609603 --- INFO --- groups DROPPED!
2025-08-02 18:17:38.616542 --- INFO --- receipt_items DROPPED!
2025-08-02 18:17:38.623379 --- INFO --- receipts DROPPED!
2025-08-02 18:17:38.630435 --- INFO --- recipe_items DROPPED!
2025-08-02 18:17:38.637322 --- INFO --- recipes DROPPED!
2025-08-02 18:17:38.644400 --- INFO --- shopping_list_items DROPPED!
2025-08-02 18:17:38.651263 --- INFO --- shopping_lists DROPPED!
2025-08-02 18:17:38.658144 --- INFO --- item_locations DROPPED!
2025-08-02 18:17:38.664832 --- INFO --- conversions DROPPED!
2025-08-02 18:17:38.671963 --- ERROR --- DatabaseError(message='table "testa_sku_prefix" does not exist', payload=DROP TABLE testa_sku_prefix CASCADE;, sql='sku_prefix')
2025-08-02 18:18:33.762077 --- INFO --- item_info DROPPED!
2025-08-02 18:18:33.769451 --- INFO --- items DROPPED!
2025-08-02 18:18:33.773873 --- INFO --- cost_layers DROPPED!
2025-08-02 18:18:33.778329 --- INFO --- linked_items DROPPED!
2025-08-02 18:18:33.783414 --- INFO --- transactions DROPPED!
2025-08-02 18:18:33.787465 --- INFO --- brands DROPPED!
2025-08-02 18:18:33.791576 --- INFO --- food_info DROPPED!
2025-08-02 18:18:33.796560 --- INFO --- logistics_info DROPPED!
2025-08-02 18:18:33.801151 --- INFO --- zones DROPPED!
2025-08-02 18:18:33.805538 --- INFO --- locations DROPPED!
2025-08-02 18:18:33.809589 --- INFO --- vendors DROPPED!
2025-08-02 18:18:33.813623 --- INFO --- group_items DROPPED!
2025-08-02 18:18:33.817500 --- INFO --- groups DROPPED!
2025-08-02 18:18:33.821491 --- INFO --- receipt_items DROPPED!
2025-08-02 18:18:33.825404 --- INFO --- receipts DROPPED!
2025-08-02 18:18:33.829525 --- INFO --- recipe_items DROPPED!
2025-08-02 18:18:33.833380 --- INFO --- recipes DROPPED!
2025-08-02 18:18:33.837410 --- INFO --- shopping_list_items DROPPED!
2025-08-02 18:18:33.841363 --- INFO --- shopping_lists DROPPED!
2025-08-02 18:18:33.845368 --- INFO --- item_locations DROPPED!
2025-08-02 18:18:33.849277 --- INFO --- conversions DROPPED!
2025-08-02 18:18:33.857471 --- ERROR --- DatabaseError(message='table "testa_sku_prefix" does not exist', payload=DROP TABLE testa_sku_prefix CASCADE;, sql='sku_prefix')
2025-08-02 18:21:04.309258 --- INFO --- logins Created!
2025-08-02 18:21:04.318315 --- INFO --- sites Created!
2025-08-02 18:21:04.322035 --- INFO --- roles Created!
2025-08-02 18:21:04.325716 --- INFO --- units Created!
2025-08-02 18:21:04.332729 --- INFO --- cost_layers Created!
2025-08-02 18:21:04.340251 --- INFO --- linked_items Created!
2025-08-02 18:21:04.345274 --- INFO --- brands Created!
2025-08-02 18:21:04.351605 --- INFO --- food_info Created!
2025-08-02 18:21:04.358995 --- INFO --- item_info Created!
2025-08-02 18:21:04.366026 --- INFO --- zones Created!
2025-08-02 18:21:04.372607 --- INFO --- locations Created!
2025-08-02 18:21:04.379748 --- INFO --- logistics_info Created!
2025-08-02 18:21:04.386304 --- INFO --- transactions Created!
2025-08-02 18:21:04.394657 --- INFO --- item Created!
2025-08-02 18:21:04.400126 --- INFO --- vendors Created!
2025-08-02 18:21:04.407038 --- INFO --- groups Created!
2025-08-02 18:21:04.414685 --- INFO --- group_items Created!
2025-08-02 18:21:04.421843 --- INFO --- receipts Created!
2025-08-02 18:21:04.428601 --- INFO --- receipt_items Created!
2025-08-02 18:21:04.434706 --- INFO --- recipes Created!
2025-08-02 18:21:04.442442 --- INFO --- recipe_items Created!
2025-08-02 18:21:04.449400 --- INFO --- shopping_lists Created!
2025-08-02 18:21:04.457406 --- INFO --- shopping_list_items Created!
2025-08-02 18:21:04.465015 --- INFO --- item_locations Created!
2025-08-02 18:21:04.471077 --- INFO --- conversions Created!
2025-08-02 18:21:04.475386 --- INFO --- Admin User Created!
2025-08-02 18:21:15.697984 --- INFO --- item_info DROPPED!
2025-08-02 18:21:15.707335 --- INFO --- items DROPPED!
2025-08-02 18:21:15.711647 --- INFO --- cost_layers DROPPED!
2025-08-02 18:21:15.715884 --- INFO --- linked_items DROPPED!
2025-08-02 18:21:15.720256 --- INFO --- transactions DROPPED!
2025-08-02 18:21:15.724344 --- INFO --- brands DROPPED!
2025-08-02 18:21:15.728559 --- INFO --- food_info DROPPED!
2025-08-02 18:21:15.733749 --- INFO --- logistics_info DROPPED!
2025-08-02 18:21:15.738026 --- INFO --- zones DROPPED!
2025-08-02 18:21:15.742003 --- INFO --- locations DROPPED!
2025-08-02 18:21:15.746147 --- INFO --- vendors DROPPED!
2025-08-02 18:21:15.750367 --- INFO --- group_items DROPPED!
2025-08-02 18:21:15.754295 --- INFO --- groups DROPPED!
2025-08-02 18:21:15.758458 --- INFO --- receipt_items DROPPED!
2025-08-02 18:21:15.762403 --- INFO --- receipts DROPPED!
2025-08-02 18:21:15.766757 --- INFO --- recipe_items DROPPED!
2025-08-02 18:21:15.770751 --- INFO --- recipes DROPPED!
2025-08-02 18:21:15.775030 --- INFO --- shopping_list_items DROPPED!
2025-08-02 18:21:15.779021 --- INFO --- shopping_lists DROPPED!
2025-08-02 18:21:15.783189 --- INFO --- item_locations DROPPED!
2025-08-02 18:21:15.787297 --- INFO --- conversions DROPPED!
2025-08-02 18:21:15.795686 --- ERROR --- DatabaseError(message='table "tesc_sku_prefix" does not exist', payload=DROP TABLE tesc_sku_prefix CASCADE;, sql='sku_prefix')
2025-08-02 18:21:39.494823 --- INFO --- logins Created!
2025-08-02 18:21:39.501922 --- INFO --- sites Created!
2025-08-02 18:21:39.506715 --- INFO --- roles Created!
2025-08-02 18:21:39.510848 --- INFO --- units Created!
2025-08-02 18:21:39.517874 --- INFO --- cost_layers Created!
2025-08-02 18:21:39.524903 --- INFO --- linked_items Created!
2025-08-02 18:21:39.529872 --- INFO --- brands Created!
2025-08-02 18:21:39.536513 --- INFO --- food_info Created!
2025-08-02 18:21:39.543806 --- INFO --- item_info Created!
2025-08-02 18:21:39.551659 --- INFO --- zones Created!
2025-08-02 18:21:39.558627 --- INFO --- locations Created!
2025-08-02 18:21:39.566378 --- INFO --- logistics_info Created!
2025-08-02 18:21:39.573581 --- INFO --- transactions Created!
2025-08-02 18:21:39.582850 --- INFO --- item Created!
2025-08-02 18:21:39.586437 --- INFO --- vendors Created!
2025-08-02 18:21:39.593704 --- INFO --- groups Created!
2025-08-02 18:21:39.601914 --- INFO --- group_items Created!
2025-08-02 18:21:39.609446 --- INFO --- receipts Created!
2025-08-02 18:21:39.616274 --- INFO --- receipt_items Created!
2025-08-02 18:21:39.622822 --- INFO --- recipes Created!
2025-08-02 18:21:39.631045 --- INFO --- recipe_items Created!
2025-08-02 18:21:39.638724 --- INFO --- shopping_lists Created!
2025-08-02 18:21:39.646926 --- INFO --- shopping_list_items Created!
2025-08-02 18:21:39.654793 --- INFO --- item_locations Created!
2025-08-02 18:21:39.661064 --- INFO --- conversions Created!
2025-08-02 18:21:39.665273 --- INFO --- Admin User Created!
2025-08-02 18:22:19.097726 --- INFO --- item_info DROPPED!
2025-08-02 18:22:19.106429 --- INFO --- items DROPPED!
2025-08-02 18:22:19.110619 --- INFO --- cost_layers DROPPED!
2025-08-02 18:22:19.114650 --- INFO --- linked_items DROPPED!
2025-08-02 18:22:19.118889 --- INFO --- transactions DROPPED!
2025-08-02 18:22:19.122806 --- INFO --- brands DROPPED!
2025-08-02 18:22:19.126903 --- INFO --- food_info DROPPED!
2025-08-02 18:22:19.131615 --- INFO --- logistics_info DROPPED!
2025-08-02 18:22:19.135869 --- INFO --- zones DROPPED!
2025-08-02 18:22:19.139903 --- INFO --- locations DROPPED!
2025-08-02 18:22:19.144155 --- INFO --- vendors DROPPED!
2025-08-02 18:22:19.148457 --- INFO --- group_items DROPPED!
2025-08-02 18:22:19.152510 --- INFO --- groups DROPPED!
2025-08-02 18:22:19.156745 --- INFO --- receipt_items DROPPED!
2025-08-02 18:22:19.161235 --- INFO --- receipts DROPPED!
2025-08-02 18:22:19.166118 --- INFO --- recipe_items DROPPED!
2025-08-02 18:22:19.170322 --- INFO --- recipes DROPPED!
2025-08-02 18:22:19.174853 --- INFO --- shopping_list_items DROPPED!
2025-08-02 18:22:19.179479 --- INFO --- shopping_lists DROPPED!
2025-08-02 18:22:19.183063 --- INFO --- item_locations DROPPED!
2025-08-02 18:22:19.187254 --- INFO --- conversions DROPPED!
2025-08-02 18:22:19.195739 --- ERROR --- DatabaseError(message='table "tesc_sku_prefix" does not exist', payload=DROP TABLE tesc_sku_prefix CASCADE;, sql='sku_prefix')
2025-08-02 18:22:55.730401 --- INFO --- item_info DROPPED!
2025-08-02 18:22:55.739583 --- INFO --- items DROPPED!
2025-08-02 18:22:55.743911 --- INFO --- cost_layers DROPPED!
2025-08-02 18:22:55.748244 --- INFO --- linked_items DROPPED!
2025-08-02 18:22:55.752754 --- INFO --- transactions DROPPED!
2025-08-02 18:22:55.756804 --- INFO --- brands DROPPED!
2025-08-02 18:22:55.760914 --- INFO --- food_info DROPPED!
2025-08-02 18:22:55.765817 --- INFO --- logistics_info DROPPED!
2025-08-02 18:22:55.770411 --- INFO --- zones DROPPED!
2025-08-02 18:22:55.774706 --- INFO --- locations DROPPED!
2025-08-02 18:22:55.779111 --- INFO --- vendors DROPPED!
2025-08-02 18:22:55.783646 --- INFO --- group_items DROPPED!
2025-08-02 18:22:55.787896 --- INFO --- groups DROPPED!
2025-08-02 18:22:55.792318 --- INFO --- receipt_items DROPPED!
2025-08-02 18:22:55.796560 --- INFO --- receipts DROPPED!
2025-08-02 18:22:55.801016 --- INFO --- recipe_items DROPPED!
2025-08-02 18:22:55.805185 --- INFO --- recipes DROPPED!
2025-08-02 18:22:55.809664 --- INFO --- shopping_list_items DROPPED!
2025-08-02 18:22:55.813894 --- INFO --- shopping_lists DROPPED!
2025-08-02 18:22:55.818120 --- INFO --- item_locations DROPPED!
2025-08-02 18:22:55.822243 --- INFO --- conversions DROPPED!
2025-08-02 18:22:55.830589 --- ERROR --- DatabaseError(message='table "tesc_sku_prefix" does not exist', payload=DROP TABLE tesc_sku_prefix CASCADE;, sql='sku_prefix')
2025-08-02 18:24:27.267149 --- INFO --- logins Created!
2025-08-02 18:24:27.274683 --- INFO --- sites Created!
2025-08-02 18:24:27.279507 --- INFO --- roles Created!
2025-08-02 18:24:27.283605 --- INFO --- units Created!
2025-08-02 18:24:27.291352 --- INFO --- cost_layers Created!
2025-08-02 18:24:27.298690 --- INFO --- linked_items Created!
2025-08-02 18:24:27.304349 --- INFO --- brands Created!
2025-08-02 18:24:27.310778 --- INFO --- food_info Created!
2025-08-02 18:24:27.318536 --- INFO --- item_info Created!
2025-08-02 18:24:27.325567 --- INFO --- zones Created!
2025-08-02 18:24:27.332454 --- INFO --- locations Created!
2025-08-02 18:24:27.339921 --- INFO --- logistics_info Created!
2025-08-02 18:24:27.346686 --- INFO --- transactions Created!
2025-08-02 18:24:27.355421 --- INFO --- item Created!
2025-08-02 18:24:27.361561 --- INFO --- vendors Created!
2025-08-02 18:24:27.369016 --- INFO --- groups Created!
2025-08-02 18:24:27.377229 --- INFO --- group_items Created!
2025-08-02 18:24:27.384953 --- INFO --- receipts Created!
2025-08-02 18:24:27.391473 --- INFO --- receipt_items Created!
2025-08-02 18:24:27.397204 --- INFO --- recipes Created!
2025-08-02 18:24:27.404108 --- INFO --- recipe_items Created!
2025-08-02 18:24:27.410341 --- INFO --- shopping_lists Created!
2025-08-02 18:24:27.417144 --- INFO --- shopping_list_items Created!
2025-08-02 18:24:27.424318 --- INFO --- item_locations Created!
2025-08-02 18:24:27.430403 --- INFO --- conversions Created!
2025-08-02 18:24:27.437113 --- INFO --- sku_prefix Created!
2025-08-02 18:24:27.441214 --- INFO --- Admin User Created!
2025-08-02 18:24:48.552044 --- INFO --- item_info DROPPED!
2025-08-02 18:24:48.558982 --- INFO --- items DROPPED!
2025-08-02 18:24:48.563515 --- INFO --- cost_layers DROPPED!
2025-08-02 18:24:48.568029 --- INFO --- linked_items DROPPED!
2025-08-02 18:24:48.572525 --- INFO --- transactions DROPPED!
2025-08-02 18:24:48.576655 --- INFO --- brands DROPPED!
2025-08-02 18:24:48.580796 --- INFO --- food_info DROPPED!
2025-08-02 18:24:48.585973 --- INFO --- logistics_info DROPPED!
2025-08-02 18:24:48.590455 --- INFO --- zones DROPPED!
2025-08-02 18:24:48.594769 --- INFO --- locations DROPPED!
2025-08-02 18:24:48.599463 --- INFO --- vendors DROPPED!
2025-08-02 18:24:48.603895 --- INFO --- group_items DROPPED!
2025-08-02 18:24:48.608092 --- INFO --- groups DROPPED!
2025-08-02 18:24:48.612422 --- INFO --- receipt_items DROPPED!
2025-08-02 18:24:48.616603 --- INFO --- receipts DROPPED!
2025-08-02 18:24:48.621086 --- INFO --- recipe_items DROPPED!
2025-08-02 18:24:48.625294 --- INFO --- recipes DROPPED!
2025-08-02 18:24:48.629821 --- INFO --- shopping_list_items DROPPED!
2025-08-02 18:24:48.634125 --- INFO --- shopping_lists DROPPED!
2025-08-02 18:24:48.638433 --- INFO --- item_locations DROPPED!
2025-08-02 18:24:48.642509 --- INFO --- conversions DROPPED!
2025-08-02 18:24:48.646827 --- INFO --- sku_prefix DROPPED!
2025-08-02 18:26:20.489233 --- INFO --- item_info DROPPED!
2025-08-02 18:26:20.495014 --- INFO --- items DROPPED!
2025-08-02 18:26:20.499055 --- INFO --- cost_layers DROPPED!
2025-08-02 18:26:20.503107 --- INFO --- linked_items DROPPED!
2025-08-02 18:26:20.507497 --- INFO --- transactions DROPPED!
2025-08-02 18:26:20.511634 --- INFO --- brands DROPPED!
2025-08-02 18:26:20.515839 --- INFO --- food_info DROPPED!
2025-08-02 18:26:20.520888 --- INFO --- logistics_info DROPPED!
2025-08-02 18:26:20.525258 --- INFO --- zones DROPPED!
2025-08-02 18:26:20.529569 --- INFO --- locations DROPPED!
2025-08-02 18:26:20.534098 --- INFO --- vendors DROPPED!
2025-08-02 18:26:20.538631 --- INFO --- group_items DROPPED!
2025-08-02 18:26:20.542828 --- INFO --- groups DROPPED!
2025-08-02 18:26:20.547157 --- INFO --- receipt_items DROPPED!
2025-08-02 18:26:20.551313 --- INFO --- receipts DROPPED!
2025-08-02 18:26:20.555830 --- INFO --- recipe_items DROPPED!
2025-08-02 18:26:20.559942 --- INFO --- recipes DROPPED!
2025-08-02 18:26:20.564471 --- INFO --- shopping_list_items DROPPED!
2025-08-02 18:26:20.568722 --- INFO --- shopping_lists DROPPED!
2025-08-02 18:26:20.572906 --- INFO --- item_locations DROPPED!
2025-08-02 18:26:20.576984 --- INFO --- conversions DROPPED!
2025-08-02 18:26:20.580751 --- INFO --- sku_prefix DROPPED!
2025-08-02 18:26:50.901713 --- INFO --- item_info DROPPED!
2025-08-02 18:26:50.908050 --- INFO --- items DROPPED!
2025-08-02 18:26:50.912340 --- INFO --- cost_layers DROPPED!
2025-08-02 18:26:50.916637 --- INFO --- linked_items DROPPED!
2025-08-02 18:26:50.921024 --- INFO --- transactions DROPPED!
2025-08-02 18:26:50.925016 --- INFO --- brands DROPPED!
2025-08-02 18:26:50.929134 --- INFO --- food_info DROPPED!
2025-08-02 18:26:50.934046 --- INFO --- logistics_info DROPPED!
2025-08-02 18:26:50.938560 --- INFO --- zones DROPPED!
2025-08-02 18:26:50.942916 --- INFO --- locations DROPPED!
2025-08-02 18:26:50.947325 --- INFO --- vendors DROPPED!
2025-08-02 18:26:50.951778 --- INFO --- group_items DROPPED!
2025-08-02 18:26:50.956021 --- INFO --- groups DROPPED!
2025-08-02 18:26:50.960452 --- INFO --- receipt_items DROPPED!
2025-08-02 18:26:50.964739 --- INFO --- receipts DROPPED!
2025-08-02 18:26:50.969244 --- INFO --- recipe_items DROPPED!
2025-08-02 18:26:50.973415 --- INFO --- recipes DROPPED!
2025-08-02 18:26:50.978248 --- INFO --- shopping_list_items DROPPED!
2025-08-02 18:26:50.982442 --- INFO --- shopping_lists DROPPED!
2025-08-02 18:26:50.986611 --- INFO --- item_locations DROPPED!
2025-08-02 18:26:50.990758 --- INFO --- conversions DROPPED!
2025-08-02 18:26:50.994543 --- INFO --- sku_prefix DROPPED!
2025-08-02 18:29:18.712464 --- INFO --- logins Created!
2025-08-02 18:29:18.716965 --- INFO --- sites Created!
2025-08-02 18:29:18.720695 --- INFO --- roles Created!
2025-08-02 18:29:18.724324 --- INFO --- units Created!
2025-08-02 18:29:18.732922 --- ERROR --- DatabaseError(message='syntax error at or near "Site_cost_layers"LINE 1: CREATE TABLE IF NOT EXISTS Test Site_cost_layers (                                        ^', payload=CREATE TABLE IF NOT EXISTS Test Site_cost_layers (
    id SERIAL PRIMARY KEY,
    aquisition_date TIMESTAMP NOT NULL,
    quantity FLOAT8 NOT NULL,
    cost FLOAT8 NOT NULL,
    currency_type VARCHAR(16) NOT NULL,
    expires TIMESTAMP,
    vendor INTEGER DEFAULT 0
);, sql='cost_layers')
2025-08-02 18:29:41.466678 --- INFO --- logins Created!
2025-08-02 18:29:41.470676 --- INFO --- sites Created!
2025-08-02 18:29:41.474490 --- INFO --- roles Created!
2025-08-02 18:29:41.478247 --- INFO --- units Created!
2025-08-02 18:29:41.485739 --- INFO --- cost_layers Created!
2025-08-02 18:29:41.493886 --- INFO --- linked_items Created!
2025-08-02 18:29:41.499122 --- INFO --- brands Created!
2025-08-02 18:29:41.505196 --- INFO --- food_info Created!
2025-08-02 18:29:41.512272 --- INFO --- item_info Created!
2025-08-02 18:29:41.518926 --- INFO --- zones Created!
2025-08-02 18:29:41.525031 --- INFO --- locations Created!
2025-08-02 18:29:41.531342 --- INFO --- logistics_info Created!
2025-08-02 18:29:41.537275 --- INFO --- transactions Created!
2025-08-02 18:29:41.544813 --- INFO --- item Created!
2025-08-02 18:29:41.550784 --- INFO --- vendors Created!
2025-08-02 18:29:41.557165 --- INFO --- groups Created!
2025-08-02 18:29:41.564073 --- INFO --- group_items Created!
2025-08-02 18:29:41.570683 --- INFO --- receipts Created!
2025-08-02 18:29:41.576683 --- INFO --- receipt_items Created!
2025-08-02 18:29:41.582667 --- INFO --- recipes Created!
2025-08-02 18:29:41.589472 --- INFO --- recipe_items Created!
2025-08-02 18:29:41.595473 --- INFO --- shopping_lists Created!
2025-08-02 18:29:41.602034 --- INFO --- shopping_list_items Created!
2025-08-02 18:29:41.608539 --- INFO --- item_locations Created!
2025-08-02 18:29:41.614052 --- INFO --- conversions Created!
2025-08-02 18:29:41.619896 --- INFO --- sku_prefix Created!
2025-08-02 18:29:41.623834 --- INFO --- Admin User Created!
2025-08-02 18:29:58.848852 --- INFO --- item_info DROPPED!
2025-08-02 18:29:58.855462 --- INFO --- items DROPPED!
2025-08-02 18:29:58.859968 --- INFO --- cost_layers DROPPED!
2025-08-02 18:29:58.864374 --- INFO --- linked_items DROPPED!
2025-08-02 18:29:58.869202 --- INFO --- transactions DROPPED!
2025-08-02 18:29:58.873266 --- INFO --- brands DROPPED!
2025-08-02 18:29:58.877586 --- INFO --- food_info DROPPED!
2025-08-02 18:29:58.882732 --- INFO --- logistics_info DROPPED!
2025-08-02 18:29:58.887276 --- INFO --- zones DROPPED!
2025-08-02 18:29:58.891650 --- INFO --- locations DROPPED!
2025-08-02 18:29:58.898845 --- INFO --- vendors DROPPED!
2025-08-02 18:29:58.903407 --- INFO --- group_items DROPPED!
2025-08-02 18:29:58.907658 --- INFO --- groups DROPPED!
2025-08-02 18:29:58.912101 --- INFO --- receipt_items DROPPED!
2025-08-02 18:29:58.916474 --- INFO --- receipts DROPPED!
2025-08-02 18:29:58.920960 --- INFO --- recipe_items DROPPED!
2025-08-02 18:29:58.925484 --- INFO --- recipes DROPPED!
2025-08-02 18:29:58.930078 --- INFO --- shopping_list_items DROPPED!
2025-08-02 18:29:58.934443 --- INFO --- shopping_lists DROPPED!
2025-08-02 18:29:58.939191 --- INFO --- item_locations DROPPED!
2025-08-02 18:29:58.943407 --- INFO --- conversions DROPPED!
2025-08-02 18:29:58.947995 --- INFO --- sku_prefix DROPPED!
2025-08-06 15:26:50.996830 --- INFO --- logins Created!
2025-08-06 15:26:51.004741 --- INFO --- sites Created!
2025-08-06 15:26:51.012565 --- INFO --- roles Created!
2025-08-06 15:26:51.019685 --- INFO --- units Created!
2025-08-06 15:26:51.029864 --- INFO --- cost_layers Created!
2025-08-06 15:26:51.040399 --- INFO --- linked_items Created!
2025-08-06 15:26:51.048281 --- INFO --- brands Created!
2025-08-06 15:26:51.057531 --- INFO --- food_info Created!
2025-08-06 15:26:51.067986 --- INFO --- item_info Created!
2025-08-06 15:26:51.079043 --- INFO --- zones Created!
2025-08-06 15:26:51.088589 --- INFO --- locations Created!
2025-08-06 15:26:51.099331 --- INFO --- logistics_info Created!
2025-08-06 15:26:51.109340 --- INFO --- transactions Created!
2025-08-06 15:26:51.118603 --- INFO --- item Created!
2025-08-06 15:26:51.127832 --- INFO --- vendors Created!
2025-08-06 15:26:51.138219 --- INFO --- groups Created!
2025-08-06 15:26:51.148890 --- INFO --- group_items Created!
2025-08-06 15:26:51.159250 --- INFO --- receipts Created!
2025-08-06 15:26:51.169940 --- INFO --- receipt_items Created!
2025-08-06 15:26:51.179778 --- INFO --- recipes Created!
2025-08-06 15:26:51.190695 --- INFO --- recipe_items Created!
2025-08-06 15:26:51.200941 --- INFO --- shopping_lists Created!
2025-08-06 15:26:51.212987 --- INFO --- shopping_list_items Created!
2025-08-06 15:26:51.223729 --- INFO --- item_locations Created!
2025-08-06 15:26:51.233171 --- INFO --- conversions Created!
2025-08-06 15:26:51.243293 --- INFO --- sku_prefix Created!
2025-08-06 15:26:51.250811 --- INFO --- barcodes Created!
2025-08-06 15:26:51.255426 --- INFO --- Admin User Created!
2025-08-06 15:27:21.859234 --- INFO --- item_info DROPPED!
2025-08-06 15:27:21.867323 --- INFO --- items DROPPED!
2025-08-06 15:27:21.873916 --- INFO --- cost_layers DROPPED!
2025-08-06 15:27:21.880427 --- INFO --- linked_items DROPPED!
2025-08-06 15:27:21.886946 --- INFO --- transactions DROPPED!
2025-08-06 15:27:21.893522 --- INFO --- brands DROPPED!
2025-08-06 15:27:21.901142 --- INFO --- food_info DROPPED!
2025-08-06 15:27:21.908294 --- INFO --- logistics_info DROPPED!
2025-08-06 15:27:21.915098 --- INFO --- zones DROPPED!
2025-08-06 15:27:21.921773 --- INFO --- locations DROPPED!
2025-08-06 15:27:21.928619 --- INFO --- vendors DROPPED!
2025-08-06 15:27:21.935711 --- INFO --- group_items DROPPED!
2025-08-06 15:27:21.942315 --- INFO --- groups DROPPED!
2025-08-06 15:27:21.949753 --- INFO --- receipt_items DROPPED!
2025-08-06 15:27:21.956366 --- INFO --- receipts DROPPED!
2025-08-06 15:27:21.963181 --- INFO --- recipe_items DROPPED!
2025-08-06 15:27:21.969612 --- INFO --- recipes DROPPED!
2025-08-06 15:27:21.976482 --- INFO --- shopping_list_items DROPPED!
2025-08-06 15:27:21.983015 --- INFO --- shopping_lists DROPPED!
2025-08-06 15:27:21.989605 --- INFO --- item_locations DROPPED!
2025-08-06 15:27:21.996485 --- INFO --- conversions DROPPED!
2025-08-06 15:27:22.003412 --- INFO --- sku_prefix DROPPED!
2025-08-06 15:27:22.007038 --- INFO --- barcodes DROPPED!
2025-08-06 15:27:46.246440 --- INFO --- logins Created!
2025-08-06 15:27:46.251081 --- INFO --- sites Created!
2025-08-06 15:27:46.255711 --- INFO --- roles Created!
2025-08-06 15:27:46.260244 --- INFO --- units Created!
2025-08-06 15:27:46.267095 --- INFO --- cost_layers Created!
2025-08-06 15:27:46.273727 --- INFO --- linked_items Created!
2025-08-06 15:27:46.279822 --- INFO --- brands Created!
2025-08-06 15:27:46.285656 --- INFO --- food_info Created!
2025-08-06 15:27:46.292120 --- INFO --- item_info Created!
2025-08-06 15:27:46.298632 --- INFO --- zones Created!
2025-08-06 15:27:46.304633 --- INFO --- locations Created!
2025-08-06 15:27:46.311199 --- INFO --- logistics_info Created!
2025-08-06 15:27:46.317532 --- INFO --- transactions Created!
2025-08-06 15:27:46.325242 --- INFO --- item Created!
2025-08-06 15:27:46.331866 --- INFO --- vendors Created!
2025-08-06 15:27:46.338359 --- INFO --- groups Created!
2025-08-06 15:27:46.345345 --- INFO --- group_items Created!
2025-08-06 15:27:46.352180 --- INFO --- receipts Created!
2025-08-06 15:27:46.358114 --- INFO --- receipt_items Created!
2025-08-06 15:27:46.364046 --- INFO --- recipes Created!
2025-08-06 15:27:46.370972 --- INFO --- recipe_items Created!
2025-08-06 15:27:46.377996 --- INFO --- shopping_lists Created!
2025-08-06 15:27:46.385875 --- INFO --- shopping_list_items Created!
2025-08-06 15:27:46.393272 --- INFO --- item_locations Created!
2025-08-06 15:27:46.399040 --- INFO --- conversions Created!
2025-08-06 15:27:46.405959 --- INFO --- sku_prefix Created!
2025-08-06 15:27:46.410637 --- INFO --- barcodes Created!
2025-08-06 15:27:46.414482 --- INFO --- Admin User Created!
2025-08-06 15:29:59.500393 --- INFO --- item_info DROPPED!
2025-08-06 15:29:59.506101 --- INFO --- items DROPPED!
2025-08-06 15:29:59.510377 --- INFO --- cost_layers DROPPED!
2025-08-06 15:29:59.514568 --- INFO --- linked_items DROPPED!
2025-08-06 15:29:59.518595 --- INFO --- transactions DROPPED!
2025-08-06 15:29:59.522422 --- INFO --- brands DROPPED!
2025-08-06 15:29:59.526227 --- INFO --- food_info DROPPED!
2025-08-06 15:29:59.530681 --- INFO --- logistics_info DROPPED!
2025-08-06 15:29:59.534747 --- INFO --- zones DROPPED!
2025-08-06 15:29:59.538678 --- INFO --- locations DROPPED!
2025-08-06 15:29:59.542693 --- INFO --- vendors DROPPED!
2025-08-06 15:29:59.546730 --- INFO --- group_items DROPPED!
2025-08-06 15:29:59.550606 --- INFO --- groups DROPPED!
2025-08-06 15:29:59.554496 --- INFO --- receipt_items DROPPED!
2025-08-06 15:29:59.558462 --- INFO --- receipts DROPPED!
2025-08-06 15:29:59.562550 --- INFO --- recipe_items DROPPED!
2025-08-06 15:29:59.566293 --- INFO --- recipes DROPPED!
2025-08-06 15:29:59.570395 --- INFO --- shopping_list_items DROPPED!
2025-08-06 15:29:59.574440 --- INFO --- shopping_lists DROPPED!
2025-08-06 15:29:59.578461 --- INFO --- item_locations DROPPED!
2025-08-06 15:29:59.582328 --- INFO --- conversions DROPPED!
2025-08-06 15:29:59.586310 --- INFO --- sku_prefix DROPPED!
2025-08-06 15:29:59.590039 --- INFO --- barcodes DROPPED!
2025-08-06 15:30:30.212846 --- INFO --- logins Created!
2025-08-06 15:30:30.217600 --- INFO --- sites Created!
2025-08-06 15:30:30.221630 --- INFO --- roles Created!
2025-08-06 15:30:30.225442 --- INFO --- units Created!
2025-08-06 15:30:30.232110 --- INFO --- cost_layers Created!
2025-08-06 15:30:30.238786 --- INFO --- linked_items Created!
2025-08-06 15:30:30.243490 --- INFO --- brands Created!
2025-08-06 15:30:30.248847 --- INFO --- food_info Created!
2025-08-06 15:30:30.254853 --- INFO --- item_info Created!
2025-08-06 15:30:30.261052 --- INFO --- zones Created!
2025-08-06 15:30:30.267069 --- INFO --- locations Created!
2025-08-06 15:30:30.273126 --- INFO --- logistics_info Created!
2025-08-06 15:30:30.279108 --- INFO --- transactions Created!
2025-08-06 15:30:30.290397 --- INFO --- item Created!
2025-08-06 15:30:30.296232 --- INFO --- vendors Created!
2025-08-06 15:30:30.302301 --- INFO --- groups Created!
2025-08-06 15:30:30.308844 --- INFO --- group_items Created!
2025-08-06 15:30:30.315229 --- INFO --- receipts Created!
2025-08-06 15:30:30.321004 --- INFO --- receipt_items Created!
2025-08-06 15:30:30.326751 --- INFO --- recipes Created!
2025-08-06 15:30:30.333407 --- INFO --- recipe_items Created!
2025-08-06 15:30:30.339686 --- INFO --- shopping_lists Created!
2025-08-06 15:30:30.346505 --- INFO --- shopping_list_items Created!
2025-08-06 15:30:30.353436 --- INFO --- item_locations Created!
2025-08-06 15:30:30.359018 --- INFO --- conversions Created!
2025-08-06 15:30:30.365281 --- INFO --- sku_prefix Created!
2025-08-06 15:30:30.369764 --- INFO --- barcodes Created!
2025-08-06 15:30:30.373731 --- INFO --- Admin User Created!
2025-08-09 16:06:00.300373 --- INFO --- item_info DROPPED!
2025-08-09 16:06:00.309583 --- INFO --- items DROPPED!
2025-08-09 16:06:00.316780 --- INFO --- cost_layers DROPPED!
2025-08-09 16:06:00.324352 --- INFO --- linked_items DROPPED!
2025-08-09 16:06:00.331594 --- INFO --- transactions DROPPED!
2025-08-09 16:06:00.338370 --- INFO --- brands DROPPED!
2025-08-09 16:06:00.345148 --- INFO --- food_info DROPPED!
2025-08-09 16:06:00.352760 --- INFO --- logistics_info DROPPED!
2025-08-09 16:06:00.359893 --- INFO --- zones DROPPED!
2025-08-09 16:06:00.366873 --- INFO --- locations DROPPED!
2025-08-09 16:06:00.373860 --- INFO --- vendors DROPPED!
2025-08-09 16:06:00.381182 --- INFO --- group_items DROPPED!
2025-08-09 16:06:00.388102 --- INFO --- groups DROPPED!
2025-08-09 16:06:00.395154 --- INFO --- receipt_items DROPPED!
2025-08-09 16:06:00.402185 --- INFO --- receipts DROPPED!
2025-08-09 16:06:00.409277 --- INFO --- recipe_items DROPPED!
2025-08-09 16:06:00.416123 --- INFO --- recipes DROPPED!
2025-08-09 16:06:00.423366 --- INFO --- shopping_list_items DROPPED!
2025-08-09 16:06:00.430292 --- INFO --- shopping_lists DROPPED!
2025-08-09 16:06:00.437234 --- INFO --- item_locations DROPPED!
2025-08-09 16:06:00.444059 --- INFO --- conversions DROPPED!
2025-08-09 16:06:00.450920 --- INFO --- sku_prefix DROPPED!
2025-08-09 16:06:00.457821 --- INFO --- barcodes DROPPED!
2025-08-09 16:08:45.017164 --- INFO --- logins Created!
2025-08-09 16:08:45.024319 --- INFO --- sites Created!
2025-08-09 16:08:45.031072 --- INFO --- roles Created!
2025-08-09 16:08:45.037686 --- INFO --- units Created!
2025-08-09 16:08:45.047683 --- INFO --- cost_layers Created!
2025-08-09 16:08:45.057002 --- INFO --- linked_items Created!
2025-08-09 16:08:45.064887 --- INFO --- brands Created!
2025-08-09 16:08:45.073564 --- INFO --- food_info Created!
2025-08-09 16:08:45.083812 --- INFO --- item_info Created!
2025-08-09 16:08:45.092875 --- INFO --- zones Created!
2025-08-09 16:08:45.101721 --- INFO --- locations Created!
2025-08-09 16:08:45.111468 --- INFO --- logistics_info Created!
2025-08-09 16:08:45.120169 --- INFO --- transactions Created!
2025-08-09 16:08:45.131324 --- INFO --- item Created!
2025-08-09 16:08:45.139496 --- INFO --- vendors Created!
2025-08-09 16:08:45.149036 --- INFO --- groups Created!
2025-08-09 16:08:45.159378 --- INFO --- group_items Created!
2025-08-09 16:08:45.169493 --- INFO --- receipts Created!
2025-08-09 16:08:45.176387 --- INFO --- receipt_items Created!
2025-08-09 16:08:45.185296 --- INFO --- recipes Created!
2025-08-09 16:08:45.196407 --- INFO --- recipe_items Created!
2025-08-09 16:08:45.206511 --- INFO --- shopping_lists Created!
2025-08-09 16:08:45.217383 --- INFO --- shopping_list_items Created!
2025-08-09 16:08:45.227557 --- INFO --- item_locations Created!
2025-08-09 16:08:45.236300 --- INFO --- conversions Created!
2025-08-09 16:08:45.245770 --- INFO --- sku_prefix Created!
2025-08-09 16:08:45.253628 --- INFO --- barcodes Created!
2025-08-09 16:08:45.257589 --- INFO --- Admin User Created!
2025-08-09 16:14:50.935814 --- INFO --- item_info DROPPED!
2025-08-09 16:14:50.941713 --- INFO --- items DROPPED!
2025-08-09 16:14:50.946033 --- INFO --- cost_layers DROPPED!
2025-08-09 16:14:50.950314 --- INFO --- linked_items DROPPED!
2025-08-09 16:14:50.954572 --- INFO --- transactions DROPPED!
2025-08-09 16:14:50.958479 --- INFO --- brands DROPPED!
2025-08-09 16:14:50.962398 --- INFO --- food_info DROPPED!
2025-08-09 16:14:50.966849 --- INFO --- logistics_info DROPPED!
2025-08-09 16:14:50.971104 --- INFO --- zones DROPPED!
2025-08-09 16:14:50.975191 --- INFO --- locations DROPPED!
2025-08-09 16:14:50.979416 --- INFO --- vendors DROPPED!
2025-08-09 16:14:50.983567 --- INFO --- group_items DROPPED!
2025-08-09 16:14:50.987667 --- INFO --- groups DROPPED!
2025-08-09 16:14:50.991691 --- INFO --- receipt_items DROPPED!
2025-08-09 16:14:50.995715 --- INFO --- receipts DROPPED!
2025-08-09 16:14:50.999829 --- INFO --- recipe_items DROPPED!
2025-08-09 16:14:51.004317 --- INFO --- recipes DROPPED!
2025-08-09 16:14:51.008453 --- INFO --- shopping_list_items DROPPED!
2025-08-09 16:14:51.012401 --- INFO --- shopping_lists DROPPED!
2025-08-09 16:14:51.016419 --- INFO --- item_locations DROPPED!
2025-08-09 16:14:51.020317 --- INFO --- conversions DROPPED!
2025-08-09 16:14:51.024247 --- INFO --- sku_prefix DROPPED!
2025-08-09 16:14:51.027995 --- INFO --- barcodes DROPPED!
2025-08-09 16:15:15.911584 --- INFO --- logins Created!
2025-08-09 16:15:15.915309 --- INFO --- sites Created!
2025-08-09 16:15:15.918829 --- INFO --- roles Created!
2025-08-09 16:15:15.922298 --- INFO --- units Created!
2025-08-09 16:15:15.929481 --- INFO --- cost_layers Created!
2025-08-09 16:15:15.936687 --- INFO --- linked_items Created!
2025-08-09 16:15:15.941894 --- INFO --- brands Created!
2025-08-09 16:15:15.947888 --- INFO --- food_info Created!
2025-08-09 16:15:15.955055 --- INFO --- item_info Created!
2025-08-09 16:15:15.962121 --- INFO --- zones Created!
2025-08-09 16:15:15.968642 --- INFO --- locations Created!
2025-08-09 16:15:15.975882 --- INFO --- logistics_info Created!
2025-08-09 16:15:15.982386 --- INFO --- transactions Created!
2025-08-09 16:15:15.990741 --- INFO --- item Created!
2025-08-09 16:15:15.996978 --- INFO --- vendors Created!
2025-08-09 16:15:16.004105 --- INFO --- groups Created!
2025-08-09 16:15:16.011665 --- INFO --- group_items Created!
2025-08-09 16:15:16.018961 --- INFO --- receipts Created!
2025-08-09 16:15:16.028584 --- INFO --- receipt_items Created!
2025-08-09 16:15:16.035173 --- INFO --- recipes Created!
2025-08-09 16:15:16.043728 --- INFO --- recipe_items Created!
2025-08-09 16:15:16.051083 --- INFO --- shopping_lists Created!
2025-08-09 16:15:16.059427 --- INFO --- shopping_list_items Created!
2025-08-09 16:15:16.067602 --- INFO --- item_locations Created!
2025-08-09 16:15:16.074113 --- INFO --- conversions Created!
2025-08-09 16:15:16.081458 --- INFO --- sku_prefix Created!
2025-08-09 16:15:16.086185 --- INFO --- barcodes Created!
2025-08-09 16:15:16.090175 --- INFO --- Admin User Created!
2025-08-09 16:16:07.245148 --- INFO --- item_info DROPPED!
2025-08-09 16:16:07.251868 --- INFO --- items DROPPED!
2025-08-09 16:16:07.256175 --- INFO --- cost_layers DROPPED!
2025-08-09 16:16:07.260404 --- INFO --- linked_items DROPPED!
2025-08-09 16:16:07.264689 --- INFO --- transactions DROPPED!
2025-08-09 16:16:07.268692 --- INFO --- brands DROPPED!
2025-08-09 16:16:07.272661 --- INFO --- food_info DROPPED!
2025-08-09 16:16:07.277515 --- INFO --- logistics_info DROPPED!
2025-08-09 16:16:07.281855 --- INFO --- zones DROPPED!
2025-08-09 16:16:07.286046 --- INFO --- locations DROPPED!
2025-08-09 16:16:07.290362 --- INFO --- vendors DROPPED!
2025-08-09 16:16:07.294759 --- INFO --- group_items DROPPED!
2025-08-09 16:16:07.298883 --- INFO --- groups DROPPED!
2025-08-09 16:16:07.303095 --- INFO --- receipt_items DROPPED!
2025-08-09 16:16:07.307219 --- INFO --- receipts DROPPED!
2025-08-09 16:16:07.311568 --- INFO --- recipe_items DROPPED!
2025-08-09 16:16:07.315535 --- INFO --- recipes DROPPED!
2025-08-09 16:16:07.319886 --- INFO --- shopping_list_items DROPPED!
2025-08-09 16:16:07.324078 --- INFO --- shopping_lists DROPPED!
2025-08-09 16:16:07.328253 --- INFO --- item_locations DROPPED!
2025-08-09 16:16:07.332254 --- INFO --- conversions DROPPED!
2025-08-09 16:16:07.336522 --- INFO --- sku_prefix DROPPED!
2025-08-09 16:16:07.340341 --- INFO --- barcodes DROPPED!
2025-08-09 16:18:00.202484 --- INFO --- logins Created!
2025-08-09 16:18:00.207009 --- INFO --- sites Created!
2025-08-09 16:18:00.210720 --- INFO --- roles Created!
2025-08-09 16:18:00.214380 --- INFO --- units Created!
2025-08-09 16:18:00.221264 --- INFO --- cost_layers Created!
2025-08-09 16:18:00.227684 --- INFO --- linked_items Created!
2025-08-09 16:18:00.232452 --- INFO --- brands Created!
2025-08-09 16:18:00.237989 --- INFO --- food_info Created!
2025-08-09 16:18:00.244246 --- INFO --- item_info Created!
2025-08-09 16:18:00.250499 --- INFO --- zones Created!
2025-08-09 16:18:00.256474 --- INFO --- locations Created!
2025-08-09 16:18:00.262745 --- INFO --- logistics_info Created!
2025-08-09 16:18:00.268495 --- INFO --- transactions Created!
2025-08-09 16:18:00.278072 --- INFO --- item Created!
2025-08-09 16:18:00.284317 --- INFO --- vendors Created!
2025-08-09 16:18:00.291417 --- INFO --- groups Created!
2025-08-09 16:18:00.299016 --- INFO --- group_items Created!
2025-08-09 16:18:00.306210 --- INFO --- receipts Created!
2025-08-09 16:18:00.312608 --- INFO --- receipt_items Created!
2025-08-09 16:18:00.318574 --- INFO --- recipes Created!
2025-08-09 16:18:00.326132 --- INFO --- recipe_items Created!
2025-08-09 16:18:00.332517 --- INFO --- shopping_lists Created!
2025-08-09 16:18:00.339616 --- INFO --- shopping_list_items Created!
2025-08-09 16:18:00.346571 --- INFO --- item_locations Created!
2025-08-09 16:18:00.352198 --- INFO --- conversions Created!
2025-08-09 16:18:00.358553 --- INFO --- sku_prefix Created!
2025-08-09 16:18:00.363015 --- INFO --- barcodes Created!
2025-08-09 16:18:00.367331 --- INFO --- Admin User Created!
2025-08-09 16:19:03.194143 --- INFO --- item_info DROPPED!
2025-08-09 16:19:03.201333 --- INFO --- items DROPPED!
2025-08-09 16:19:03.205600 --- INFO --- cost_layers DROPPED!
2025-08-09 16:19:03.210035 --- INFO --- linked_items DROPPED!
2025-08-09 16:19:03.214558 --- INFO --- transactions DROPPED!
2025-08-09 16:19:03.218631 --- INFO --- brands DROPPED!
2025-08-09 16:19:03.222803 --- INFO --- food_info DROPPED!
2025-08-09 16:19:03.227827 --- INFO --- logistics_info DROPPED!
2025-08-09 16:19:03.232450 --- INFO --- zones DROPPED!
2025-08-09 16:19:03.236818 --- INFO --- locations DROPPED!
2025-08-09 16:19:03.241265 --- INFO --- vendors DROPPED!
2025-08-09 16:19:03.245859 --- INFO --- group_items DROPPED!
2025-08-09 16:19:03.250145 --- INFO --- groups DROPPED!
2025-08-09 16:19:03.254571 --- INFO --- receipt_items DROPPED!
2025-08-09 16:19:03.258850 --- INFO --- receipts DROPPED!
2025-08-09 16:19:03.263441 --- INFO --- recipe_items DROPPED!
2025-08-09 16:19:03.267604 --- INFO --- recipes DROPPED!
2025-08-09 16:19:03.272210 --- INFO --- shopping_list_items DROPPED!
2025-08-09 16:19:03.276448 --- INFO --- shopping_lists DROPPED!
2025-08-09 16:19:03.280786 --- INFO --- item_locations DROPPED!
2025-08-09 16:19:03.284974 --- INFO --- conversions DROPPED!
2025-08-09 16:19:03.289323 --- INFO --- sku_prefix DROPPED!
2025-08-09 16:19:03.293280 --- INFO --- barcodes DROPPED!
2025-08-09 16:19:12.314762 --- INFO --- logins Created!
2025-08-09 16:19:12.319321 --- INFO --- sites Created!
2025-08-09 16:19:12.323074 --- INFO --- roles Created!
2025-08-09 16:19:12.326720 --- INFO --- units Created!
2025-08-09 16:19:12.333107 --- INFO --- cost_layers Created!
2025-08-09 16:19:12.339695 --- INFO --- linked_items Created!
2025-08-09 16:19:12.344588 --- INFO --- brands Created!
2025-08-09 16:19:12.350314 --- INFO --- food_info Created!
2025-08-09 16:19:12.356615 --- INFO --- item_info Created!
2025-08-09 16:19:12.363142 --- INFO --- zones Created!
2025-08-09 16:19:12.369310 --- INFO --- locations Created!
2025-08-09 16:19:12.375769 --- INFO --- logistics_info Created!
2025-08-09 16:19:12.381719 --- INFO --- transactions Created!
2025-08-09 16:19:12.389163 --- INFO --- item Created!
2025-08-09 16:19:12.394919 --- INFO --- vendors Created!
2025-08-09 16:19:12.401356 --- INFO --- groups Created!
2025-08-09 16:19:12.408407 --- INFO --- group_items Created!
2025-08-09 16:19:12.415390 --- INFO --- receipts Created!
2025-08-09 16:19:12.421792 --- INFO --- receipt_items Created!
2025-08-09 16:19:12.427990 --- INFO --- recipes Created!
2025-08-09 16:19:12.435714 --- INFO --- recipe_items Created!
2025-08-09 16:19:12.442701 --- INFO --- shopping_lists Created!
2025-08-09 16:19:12.450772 --- INFO --- shopping_list_items Created!
2025-08-09 16:19:12.457862 --- INFO --- item_locations Created!
2025-08-09 16:19:12.463866 --- INFO --- conversions Created!
2025-08-09 16:19:12.470947 --- INFO --- sku_prefix Created!
2025-08-09 16:19:12.475760 --- INFO --- barcodes Created!
2025-08-09 16:19:12.479939 --- INFO --- Admin User Created!
2025-08-09 16:19:19.886072 --- INFO --- item_info DROPPED!
2025-08-09 16:19:19.892893 --- INFO --- items DROPPED!
2025-08-09 16:19:19.897304 --- INFO --- cost_layers DROPPED!
2025-08-09 16:19:19.901852 --- INFO --- linked_items DROPPED!
2025-08-09 16:19:19.906270 --- INFO --- transactions DROPPED!
2025-08-09 16:19:19.910202 --- INFO --- brands DROPPED!
2025-08-09 16:19:19.914590 --- INFO --- food_info DROPPED!
2025-08-09 16:19:19.920441 --- INFO --- logistics_info DROPPED!
2025-08-09 16:19:19.924877 --- INFO --- zones DROPPED!
2025-08-09 16:19:19.929137 --- INFO --- locations DROPPED!
2025-08-09 16:19:19.933482 --- INFO --- vendors DROPPED!
2025-08-09 16:19:19.937945 --- INFO --- group_items DROPPED!
2025-08-09 16:19:19.942105 --- INFO --- groups DROPPED!
2025-08-09 16:19:19.946356 --- INFO --- receipt_items DROPPED!
2025-08-09 16:19:19.950544 --- INFO --- receipts DROPPED!
2025-08-09 16:19:19.954933 --- INFO --- recipe_items DROPPED!
2025-08-09 16:19:19.958968 --- INFO --- recipes DROPPED!
2025-08-09 16:19:19.963538 --- INFO --- shopping_list_items DROPPED!
2025-08-09 16:19:19.967716 --- INFO --- shopping_lists DROPPED!
2025-08-09 16:19:19.971768 --- INFO --- item_locations DROPPED!
2025-08-09 16:19:19.975659 --- INFO --- conversions DROPPED!
2025-08-09 16:19:19.979690 --- INFO --- sku_prefix DROPPED!
2025-08-09 16:19:19.983693 --- INFO --- barcodes DROPPED!
2025-08-14 19:29:53.905799 --- INFO --- logins Created!
2025-08-14 19:29:53.913684 --- INFO --- sites Created!
2025-08-14 19:29:53.921143 --- INFO --- roles Created!
2025-08-14 19:29:53.927994 --- INFO --- units Created!
2025-08-14 19:29:53.938165 --- INFO --- cost_layers Created!
2025-08-14 19:29:53.948815 --- INFO --- linked_items Created!
2025-08-14 19:29:53.957434 --- INFO --- brands Created!
2025-08-14 19:29:53.969109 --- ERROR --- DatabaseError(message='syntax error at or near "gen_random_uuid"LINE 3:     food_info_uuid UUID gen_random_uuid(),                                ^', payload=CREATE TABLE IF NOT EXISTS teast_food_info (
    id SERIAL PRIMARY KEY,
    food_info_uuid UUID gen_random_uuid(),
    food_groups TEXT [],
    ingrediants TEXT [],
    nutrients JSONB,
    expires BOOLEAN,
    default_expiration FLOAT8,
    UNIQUE(food_info_uuid)
);, sql='food_info')
2025-08-14 19:34:05.685135 --- INFO --- logins Created!
2025-08-14 19:34:05.689988 --- INFO --- sites Created!
2025-08-14 19:34:05.694012 --- INFO --- roles Created!
2025-08-14 19:34:05.697705 --- INFO --- units Created!
2025-08-14 19:34:05.704841 --- INFO --- cost_layers Created!
2025-08-14 19:34:05.712139 --- INFO --- linked_items Created!
2025-08-14 19:34:05.718040 --- INFO --- brands Created!
2025-08-14 19:34:05.725611 --- INFO --- food_info Created!
2025-08-14 19:34:05.737597 --- ERROR --- DatabaseError(message='syntax error at or near "gen_random_uuid"LINE 3:     item_info_uuid UUID gen_random_uuid(),                                ^', payload=CREATE TABLE IF NOt EXISTS teat_item_info (
    id SERIAL PRIMARY KEY,
    item_info_uuid UUID gen_random_uuid(),
    barcode VARCHAR(255),
    packaging VARCHAR(255),
    uom_quantity FLOAT8,
    uom INTEGER,
    cost FLOAT8,
    safety_stock FLOAT8,
    lead_time_days FLOAT8,
    ai_pick BOOLEAN,
    prefixes INTEGER []
    UNIQUE(item_info_uuid)
);, sql='item_info')
2025-08-14 19:34:50.829663 --- INFO --- logins Created!
2025-08-14 19:34:50.834886 --- INFO --- sites Created!
2025-08-14 19:34:50.839194 --- INFO --- roles Created!
2025-08-14 19:34:50.843224 --- INFO --- units Created!
2025-08-14 19:34:50.850921 --- INFO --- cost_layers Created!
2025-08-14 19:34:50.858422 --- INFO --- linked_items Created!
2025-08-14 19:34:50.863795 --- INFO --- brands Created!
2025-08-14 19:34:50.870953 --- INFO --- food_info Created!
2025-08-14 19:34:50.883113 --- ERROR --- DatabaseError(message='syntax error at or near "("LINE 13:     UNIQUE(item_info_uuid)                   ^', payload=CREATE TABLE IF NOt EXISTS teat_item_info (
    id SERIAL PRIMARY KEY,
    item_info_uuid UUID DEFAULT gen_random_uuid() NOT NULL,
    barcode VARCHAR(255),
    packaging VARCHAR(255),
    uom_quantity FLOAT8,
    uom INTEGER,
    cost FLOAT8,
    safety_stock FLOAT8,
    lead_time_days FLOAT8,
    ai_pick BOOLEAN,
    prefixes INTEGER []
    UNIQUE(item_info_uuid)
);, sql='item_info')
2025-08-14 19:35:21.145030 --- INFO --- logins Created!
2025-08-14 19:35:21.150356 --- INFO --- sites Created!
2025-08-14 19:35:21.154977 --- INFO --- roles Created!
2025-08-14 19:35:21.159169 --- INFO --- units Created!
2025-08-14 19:35:21.167029 --- INFO --- cost_layers Created!
2025-08-14 19:35:21.174711 --- INFO --- linked_items Created!
2025-08-14 19:35:21.180712 --- INFO --- brands Created!
2025-08-14 19:35:21.188182 --- INFO --- food_info Created!
2025-08-14 19:35:21.199559 --- INFO --- item_info Created!
2025-08-14 19:35:21.210793 --- INFO --- zones Created!
2025-08-14 19:35:21.221603 --- INFO --- locations Created!
2025-08-14 19:35:21.235380 --- ERROR --- DatabaseError(message='syntax error at or near "gen_random_uuid"LINE 3:     logistics_info_uuid UUID gen_random_uuid(),                                     ^', payload=CREATE TABLE IF NOT EXISTS tet_logistics_info(
    id SERIAL PRIMARY KEY,
    logistics_info_uuid UUID gen_random_uuid(),
    barcode VARCHAR(255),
    primary_location INTEGER NOT NULL,
    primary_zone INTEGER NOT NULL,
    auto_issue_location INTEGER NOT NULL,
    auto_issue_zone INTEGER NOT NULL,
    UNIQUE(logistics_info_uuid),
    CONSTRAINT fk_primary_location
        FOREIGN KEY(primary_location) 
        REFERENCES tet_locations(id),
    CONSTRAINT fk_primary_zone
        FOREIGN KEY(primary_zone) 
        REFERENCES tet_zones(id),
    CONSTRAINT fk_auto_issue_location
        FOREIGN KEY(auto_issue_location) 
        REFERENCES tet_locations(id),
    CONSTRAINT fk_auto_issue_zone
        FOREIGN KEY(auto_issue_zone) 
        REFERENCES tet_zones(id)
);, sql='logistics_info')
2025-08-14 19:35:53.264323 --- INFO --- logins Created!
2025-08-14 19:35:53.269766 --- INFO --- sites Created!
2025-08-14 19:35:53.274221 --- INFO --- roles Created!
2025-08-14 19:35:53.278186 --- INFO --- units Created!
2025-08-14 19:35:53.286015 --- INFO --- cost_layers Created!
2025-08-14 19:35:53.293742 --- INFO --- linked_items Created!
2025-08-14 19:35:53.299834 --- INFO --- brands Created!
2025-08-14 19:35:53.307312 --- INFO --- food_info Created!
2025-08-14 19:35:53.314780 --- INFO --- item_info Created!
2025-08-14 19:35:53.322039 --- INFO --- zones Created!
2025-08-14 19:35:53.328841 --- INFO --- locations Created!
2025-08-14 19:35:53.339467 --- INFO --- logistics_info Created!
2025-08-14 19:35:53.350521 --- INFO --- transactions Created!
2025-08-14 19:35:53.362940 --- INFO --- item Created!
2025-08-14 19:35:53.372902 --- INFO --- vendors Created!
2025-08-14 19:35:53.383192 --- INFO --- groups Created!
2025-08-14 19:35:53.394254 --- INFO --- group_items Created!
2025-08-14 19:35:53.404915 --- INFO --- receipts Created!
2025-08-14 19:35:53.414635 --- INFO --- receipt_items Created!
2025-08-14 19:35:53.424929 --- INFO --- recipes Created!
2025-08-14 19:35:53.434896 --- INFO --- recipe_items Created!
2025-08-14 19:35:53.445431 --- INFO --- shopping_lists Created!
2025-08-14 19:35:53.455619 --- INFO --- shopping_list_items Created!
2025-08-14 19:35:53.467104 --- INFO --- item_locations Created!
2025-08-14 19:35:53.476479 --- INFO --- conversions Created!
2025-08-14 19:35:53.486471 --- INFO --- sku_prefix Created!
2025-08-14 19:35:53.494002 --- INFO --- barcodes Created!
2025-08-14 19:35:53.498636 --- INFO --- Admin User Created!
2025-08-14 19:47:18.752121 --- INFO --- item_info DROPPED!
2025-08-14 19:47:18.763169 --- INFO --- items DROPPED!
2025-08-14 19:47:18.771525 --- INFO --- cost_layers DROPPED!
2025-08-14 19:47:18.779844 --- INFO --- linked_items DROPPED!
2025-08-14 19:47:18.787643 --- INFO --- transactions DROPPED!
2025-08-14 19:47:18.795036 --- INFO --- brands DROPPED!
2025-08-14 19:47:18.802983 --- INFO --- food_info DROPPED!
2025-08-14 19:47:18.811352 --- INFO --- logistics_info DROPPED!
2025-08-14 19:47:18.818889 --- INFO --- zones DROPPED!
2025-08-14 19:47:18.826319 --- INFO --- locations DROPPED!
2025-08-14 19:47:18.833208 --- INFO --- vendors DROPPED!
2025-08-14 19:47:18.840648 --- INFO --- group_items DROPPED!
2025-08-14 19:47:18.847262 --- INFO --- groups DROPPED!
2025-08-14 19:47:18.854357 --- INFO --- receipt_items DROPPED!
2025-08-14 19:47:18.861218 --- INFO --- receipts DROPPED!
2025-08-14 19:47:18.868511 --- INFO --- recipe_items DROPPED!
2025-08-14 19:47:18.876124 --- INFO --- recipes DROPPED!
2025-08-14 19:47:18.882823 --- INFO --- shopping_list_items DROPPED!
2025-08-14 19:47:18.890711 --- INFO --- shopping_lists DROPPED!
2025-08-14 19:47:18.897792 --- INFO --- item_locations DROPPED!
2025-08-14 19:47:18.905273 --- INFO --- conversions DROPPED!
2025-08-14 19:47:18.911977 --- INFO --- sku_prefix DROPPED!
2025-08-14 19:47:18.919101 --- INFO --- barcodes DROPPED!
2025-08-14 19:48:11.092829 --- INFO --- logins Created!
2025-08-14 19:48:11.097983 --- INFO --- sites Created!
2025-08-14 19:48:11.102722 --- INFO --- roles Created!
2025-08-14 19:48:11.107103 --- INFO --- units Created!
2025-08-14 19:48:11.115720 --- INFO --- cost_layers Created!
2025-08-14 19:48:11.123721 --- INFO --- linked_items Created!
2025-08-14 19:48:11.129515 --- INFO --- brands Created!
2025-08-14 19:48:11.137977 --- INFO --- food_info Created!
2025-08-14 19:48:11.149504 --- INFO --- item_info Created!
2025-08-14 19:48:11.157006 --- INFO --- zones Created!
2025-08-14 19:48:11.164004 --- INFO --- locations Created!
2025-08-14 19:48:11.175285 --- INFO --- logistics_info Created!
2025-08-14 19:48:11.182147 --- INFO --- transactions Created!
2025-08-14 19:48:11.191631 --- INFO --- item Created!
2025-08-14 19:48:11.198138 --- INFO --- vendors Created!
2025-08-14 19:48:11.206077 --- INFO --- groups Created!
2025-08-14 19:48:11.214252 --- INFO --- group_items Created!
2025-08-14 19:48:11.222024 --- INFO --- receipts Created!
2025-08-14 19:48:11.228913 --- INFO --- receipt_items Created!
2025-08-14 19:48:11.236880 --- INFO --- recipes Created!
2025-08-14 19:48:11.243995 --- INFO --- recipe_items Created!
2025-08-14 19:48:11.252122 --- INFO --- shopping_lists Created!
2025-08-14 19:48:11.259184 --- INFO --- shopping_list_items Created!
2025-08-14 19:48:11.267776 --- INFO --- item_locations Created!
2025-08-14 19:48:11.274118 --- INFO --- conversions Created!
2025-08-14 19:48:11.281552 --- INFO --- sku_prefix Created!
2025-08-14 19:48:11.286512 --- INFO --- barcodes Created!
2025-08-14 19:48:11.290933 --- INFO --- Admin User Created!
2025-08-14 20:46:10.550721 --- INFO --- item_info DROPPED!
2025-08-14 20:46:10.557415 --- INFO --- items DROPPED!
2025-08-14 20:46:10.562538 --- INFO --- cost_layers DROPPED!
2025-08-14 20:46:10.567177 --- INFO --- linked_items DROPPED!
2025-08-14 20:46:10.571447 --- INFO --- transactions DROPPED!
2025-08-14 20:46:10.575829 --- INFO --- brands DROPPED!
2025-08-14 20:46:10.580745 --- INFO --- food_info DROPPED!
2025-08-14 20:46:10.585621 --- INFO --- logistics_info DROPPED!
2025-08-14 20:46:10.590153 --- INFO --- zones DROPPED!
2025-08-14 20:46:10.594459 --- INFO --- locations DROPPED!
2025-08-14 20:46:10.598882 --- INFO --- vendors DROPPED!
2025-08-14 20:46:10.603170 --- INFO --- group_items DROPPED!
2025-08-14 20:46:10.607858 --- INFO --- groups DROPPED!
2025-08-14 20:46:10.612074 --- INFO --- receipt_items DROPPED!
2025-08-14 20:46:10.616415 --- INFO --- receipts DROPPED!
2025-08-14 20:46:10.620571 --- INFO --- recipe_items DROPPED!
2025-08-14 20:46:10.625250 --- INFO --- recipes DROPPED!
2025-08-14 20:46:10.629268 --- INFO --- shopping_list_items DROPPED!
2025-08-14 20:46:10.633314 --- INFO --- shopping_lists DROPPED!
2025-08-14 20:46:10.637353 --- INFO --- item_locations DROPPED!
2025-08-14 20:46:10.642177 --- INFO --- conversions DROPPED!
2025-08-14 20:46:10.646169 --- INFO --- sku_prefix DROPPED!
2025-08-14 20:46:10.650157 --- INFO --- barcodes DROPPED!
2025-08-14 20:47:50.189062 --- INFO --- logins Created!
2025-08-14 20:47:50.193577 --- INFO --- sites Created!
2025-08-14 20:47:50.199434 --- INFO --- roles Created!
2025-08-14 20:47:50.203399 --- INFO --- units Created!
2025-08-14 20:47:50.210977 --- INFO --- cost_layers Created!
2025-08-14 20:47:50.218004 --- INFO --- linked_items Created!
2025-08-14 20:47:50.223078 --- INFO --- brands Created!
2025-08-14 20:47:50.230420 --- INFO --- food_info Created!
2025-08-14 20:47:50.238103 --- INFO --- item_info Created!
2025-08-14 20:47:50.244494 --- INFO --- zones Created!
2025-08-14 20:47:50.251121 --- INFO --- locations Created!
2025-08-14 20:47:50.258834 --- INFO --- logistics_info Created!
2025-08-14 20:47:50.265160 --- INFO --- transactions Created!
2025-08-14 20:47:50.272290 --- INFO --- item Created!
2025-08-14 20:47:50.278067 --- INFO --- vendors Created!
2025-08-14 20:47:50.284555 --- INFO --- groups Created!
2025-08-14 20:47:50.291752 --- INFO --- group_items Created!
2025-08-14 20:47:50.297755 --- INFO --- receipts Created!
2025-08-14 20:47:50.303214 --- INFO --- receipt_items Created!
2025-08-14 20:47:50.308974 --- INFO --- recipes Created!
2025-08-14 20:47:50.314866 --- INFO --- recipe_items Created!
2025-08-14 20:47:50.321263 --- INFO --- shopping_lists Created!
2025-08-14 20:47:50.327261 --- INFO --- shopping_list_items Created!
2025-08-14 20:47:50.333501 --- INFO --- item_locations Created!
2025-08-14 20:47:50.339156 --- INFO --- conversions Created!
2025-08-14 20:47:50.345173 --- INFO --- sku_prefix Created!
2025-08-14 20:47:50.349431 --- INFO --- barcodes Created!
2025-08-14 20:47:50.358718 --- INFO --- plan_events Created!
2025-08-14 20:47:50.362496 --- INFO --- Admin User Created!
2025-08-15 06:16:32.368198 --- INFO --- item_info DROPPED!
2025-08-15 06:16:32.376285 --- INFO --- items DROPPED!
2025-08-15 06:16:32.383786 --- INFO --- cost_layers DROPPED!
2025-08-15 06:16:32.390315 --- INFO --- linked_items DROPPED!
2025-08-15 06:16:32.397282 --- INFO --- transactions DROPPED!
2025-08-15 06:16:32.404138 --- INFO --- brands DROPPED!
2025-08-15 06:16:32.410791 --- INFO --- food_info DROPPED!
2025-08-15 06:16:32.417552 --- INFO --- logistics_info DROPPED!
2025-08-15 06:16:32.424541 --- INFO --- zones DROPPED!
2025-08-15 06:16:32.430965 --- INFO --- locations DROPPED!
2025-08-15 06:16:32.438139 --- INFO --- vendors DROPPED!
2025-08-15 06:16:32.444652 --- INFO --- group_items DROPPED!
2025-08-15 06:16:32.450859 --- INFO --- groups DROPPED!
2025-08-15 06:16:32.457750 --- INFO --- receipt_items DROPPED!
2025-08-15 06:16:32.464499 --- INFO --- receipts DROPPED!
2025-08-15 06:16:32.471198 --- INFO --- recipe_items DROPPED!
2025-08-15 06:16:32.477825 --- INFO --- recipes DROPPED!
2025-08-15 06:16:32.484150 --- INFO --- shopping_list_items DROPPED!
2025-08-15 06:16:32.490975 --- INFO --- shopping_lists DROPPED!
2025-08-15 06:16:32.497978 --- INFO --- item_locations DROPPED!
2025-08-15 06:16:32.504218 --- INFO --- conversions DROPPED!
2025-08-15 06:16:32.510932 --- INFO --- sku_prefix DROPPED!
2025-08-15 06:16:32.516934 --- INFO --- barcodes DROPPED!
2025-08-15 06:16:32.520085 --- ERROR --- [Errno 2] No such file or directory: 'application/administration/sql/DROP/plan_events.sql'
2025-08-15 06:18:11.078240 --- INFO --- item_info DROPPED!
2025-08-15 06:18:11.084793 --- INFO --- items DROPPED!
2025-08-15 06:18:11.088860 --- INFO --- cost_layers DROPPED!
2025-08-15 06:18:11.093027 --- INFO --- linked_items DROPPED!
2025-08-15 06:18:11.097326 --- INFO --- transactions DROPPED!
2025-08-15 06:18:11.101359 --- INFO --- brands DROPPED!
2025-08-15 06:18:11.105643 --- INFO --- food_info DROPPED!
2025-08-15 06:18:11.110636 --- INFO --- logistics_info DROPPED!
2025-08-15 06:18:11.114979 --- INFO --- zones DROPPED!
2025-08-15 06:18:11.119161 --- INFO --- locations DROPPED!
2025-08-15 06:18:11.123503 --- INFO --- vendors DROPPED!
2025-08-15 06:18:11.127873 --- INFO --- group_items DROPPED!
2025-08-15 06:18:11.132303 --- INFO --- groups DROPPED!
2025-08-15 06:18:11.136559 --- INFO --- receipt_items DROPPED!
2025-08-15 06:18:11.140654 --- INFO --- receipts DROPPED!
2025-08-15 06:18:11.144978 --- INFO --- recipe_items DROPPED!
2025-08-15 06:18:11.149148 --- INFO --- recipes DROPPED!
2025-08-15 06:18:11.153239 --- INFO --- shopping_list_items DROPPED!
2025-08-15 06:18:11.157461 --- INFO --- shopping_lists DROPPED!
2025-08-15 06:18:11.161723 --- INFO --- item_locations DROPPED!
2025-08-15 06:18:11.165786 --- INFO --- conversions DROPPED!
2025-08-15 06:18:11.169962 --- INFO --- sku_prefix DROPPED!
2025-08-15 06:18:11.173921 --- INFO --- barcodes DROPPED!
2025-08-15 06:18:11.178178 --- INFO --- plan_events DROPPED!
2025-08-21 15:16:14.560463 --- INFO --- logins Created!
2025-08-21 15:16:14.567863 --- INFO --- sites Created!
2025-08-21 15:16:14.574548 --- INFO --- roles Created!
2025-08-21 15:16:14.580965 --- INFO --- units Created!
2025-08-21 15:16:14.591751 --- INFO --- cost_layers Created!
2025-08-21 15:16:14.602478 --- INFO --- linked_items Created!
2025-08-21 15:16:14.610123 --- INFO --- brands Created!
2025-08-21 15:16:14.619120 --- INFO --- food_info Created!
2025-08-21 15:16:14.628087 --- INFO --- item_info Created!
2025-08-21 15:16:14.636844 --- INFO --- zones Created!
2025-08-21 15:16:14.645245 --- INFO --- locations Created!
2025-08-21 15:16:14.654775 --- INFO --- logistics_info Created!
2025-08-21 15:16:14.663430 --- INFO --- transactions Created!
2025-08-21 15:16:14.673901 --- INFO --- item Created!
2025-08-21 15:16:14.681913 --- INFO --- vendors Created!
2025-08-21 15:16:14.690399 --- INFO --- groups Created!
2025-08-21 15:16:14.699503 --- INFO --- group_items Created!
2025-08-21 15:16:14.708266 --- INFO --- receipts Created!
2025-08-21 15:16:14.717453 --- INFO --- receipt_items Created!
2025-08-21 15:16:14.726192 --- INFO --- recipes Created!
2025-08-21 15:16:14.734717 --- INFO --- recipe_items Created!
2025-08-21 15:16:14.743314 --- INFO --- shopping_lists Created!
2025-08-21 15:16:14.751858 --- INFO --- shopping_list_items Created!
2025-08-21 15:16:14.760950 --- INFO --- item_locations Created!
2025-08-21 15:16:14.768830 --- INFO --- conversions Created!
2025-08-21 15:16:14.777425 --- INFO --- sku_prefix Created!
2025-08-21 15:16:14.784970 --- INFO --- barcodes Created!
2025-08-21 15:16:14.793814 --- INFO --- plan_events Created!
2025-08-21 15:16:14.797697 --- INFO --- Admin User Created!
2025-08-21 15:17:17.941491 --- INFO --- item_info DROPPED!
2025-08-21 15:17:17.951515 --- INFO --- items DROPPED!
2025-08-21 15:17:17.958475 --- INFO --- cost_layers DROPPED!
2025-08-21 15:17:17.965374 --- INFO --- linked_items DROPPED!
2025-08-21 15:17:17.972445 --- INFO --- transactions DROPPED!
2025-08-21 15:17:17.979077 --- INFO --- brands DROPPED!
2025-08-21 15:17:17.985976 --- INFO --- food_info DROPPED!
2025-08-21 15:17:17.993582 --- INFO --- logistics_info DROPPED!
2025-08-21 15:17:18.000524 --- INFO --- zones DROPPED!
2025-08-21 15:17:18.007350 --- INFO --- locations DROPPED!
2025-08-21 15:17:18.014420 --- INFO --- vendors DROPPED!
2025-08-21 15:17:18.021550 --- INFO --- group_items DROPPED!
2025-08-21 15:17:18.028353 --- INFO --- groups DROPPED!
2025-08-21 15:17:18.035154 --- INFO --- receipt_items DROPPED!
2025-08-21 15:17:18.041897 --- INFO --- receipts DROPPED!
2025-08-21 15:17:18.048910 --- INFO --- recipe_items DROPPED!
2025-08-21 15:17:18.055587 --- INFO --- recipes DROPPED!
2025-08-21 15:17:18.062558 --- INFO --- shopping_list_items DROPPED!
2025-08-21 15:17:18.069321 --- INFO --- shopping_lists DROPPED!
2025-08-21 15:17:18.076097 --- INFO --- item_locations DROPPED!
2025-08-21 15:17:18.082644 --- INFO --- conversions DROPPED!
2025-08-21 15:17:18.089331 --- INFO --- sku_prefix DROPPED!
2025-08-21 15:17:18.095712 --- INFO --- barcodes DROPPED!
2025-08-21 15:17:18.102641 --- INFO --- plan_events DROPPED!
2025-08-23 15:47:56.200244 --- INFO --- Admin User Created!
2025-08-23 15:47:56.220267 --- ERROR --- DatabaseError(message='column "name" of relation "test2_zones" does not existLINE 2: (name, description)          ^', payload=('all', ''), sql='INSERT INTO test2_zones(name, description) VALUES (%s, %s) RETURNING *;')
2025-08-23 15:49:56.089291 --- INFO --- Admin User Created!
2025-08-23 15:49:56.099841 --- ERROR --- DatabaseError(message='column "name" of relation "test2_zones" does not existLINE 2: (name, description)          ^', payload=('kitchen', ''), sql='INSERT INTO test2_zones(name, description) VALUES (%s, %s) RETURNING *;')
2025-08-23 15:50:05.762721 --- INFO --- Admin User Created!
2025-08-23 15:50:05.776618 --- ERROR --- DatabaseError(message=''name'', payload={'zone_name': 'kitchen', 'zone_description': ''}, sql='INSERT INTO test2_zones(name, description) VALUES (%(name)s, %(description)s) RETURNING *;')
2025-08-23 15:50:43.707065 --- INFO --- Admin User Created!
2025-08-23 15:50:43.721469 --- ERROR --- DatabaseError(message=''name'', payload={'zone_name': 'kitchen', 'zone_description': ''}, sql='INSERT INTO test2_zones(zone_name, zone_description) VALUES (%(name)s, %(description)s) RETURNING *;')
2025-08-23 15:51:05.792640 --- INFO --- Admin User Created!
2025-08-23 15:51:05.802795 --- ERROR --- 'id'
2025-08-23 15:52:59.368555 --- INFO --- Admin User Created!
2025-08-23 15:54:32.013319 --- INFO --- Admin User Created!
2025-08-23 16:24:14.240500 --- ERROR --- DatabaseError(message='column "username" named in key does not existLINE 14:     UNIQUE(username),             ^', payload=CREATE TABLE IF NOT EXISTS users(
    user_uuid UUID PRIMARY KEY DEFAULT uuid_generate_v4() NOT NULL,
    user_name VARCHAR(255) NOT NULL,
    user_password VARCHAR(255) DEFAULT NULL,
    user_email VARCHAR(255) UNIQUE NOT NULL,
    user_favorites JSONB DEFAULT '{}' NOT NULL,
    user_sites INTEGER [] DEFAULT '{}' NOT NULL,
    user_roles INTEGER [] DEFAULT '{}' NOT NULL,
    user_is_system_admin BOOLEAN DEFAULT FALSE NOT NULL,
    user_flags JSONB DEFAULT '{}' NOT NULL,
    user_row_type VARCHAR(50) NOT NULL,
    user_profile_pic_url VARCHAR(255) NOT NULL,
    user_login_type VARCHAR(32) NOT NULL,
    UNIQUE(username),
    CHECK (email ~* '^[A-Za-z0-9._%+-]+@[A-Za-z0-9.-]+\.[A-Za-z]{2,}$')
);

, sql='users')
2025-08-23 16:24:27.949693 --- ERROR --- DatabaseError(message='function uuid_generate_v4() does not existLINE 2:     user_uuid UUID PRIMARY KEY DEFAULT uuid_generate_v4() NO...                                               ^HINT:  No function matches the given name and argument types. You might need to add explicit type casts.', payload=CREATE TABLE IF NOT EXISTS users(
    user_uuid UUID PRIMARY KEY DEFAULT uuid_generate_v4() NOT NULL,
    user_name VARCHAR(255) NOT NULL,
    user_password VARCHAR(255) DEFAULT NULL,
    user_email VARCHAR(255) UNIQUE NOT NULL,
    user_favorites JSONB DEFAULT '{}' NOT NULL,
    user_sites INTEGER [] DEFAULT '{}' NOT NULL,
    user_roles INTEGER [] DEFAULT '{}' NOT NULL,
    user_is_system_admin BOOLEAN DEFAULT FALSE NOT NULL,
    user_flags JSONB DEFAULT '{}' NOT NULL,
    user_row_type VARCHAR(50) NOT NULL,
    user_profile_pic_url VARCHAR(255) NOT NULL,
    user_login_type VARCHAR(32) NOT NULL,
    UNIQUE(user_name),
    CHECK (email ~* '^[A-Za-z0-9._%+-]+@[A-Za-z0-9.-]+\.[A-Za-z]{2,}$')
);

, sql='users')
2025-08-23 16:26:32.149906 --- ERROR --- permission denied to create extension "uuid-ossp"
HINT:  Must have CREATE privilege on current database to create this extension.

2025-08-23 16:29:01.750728 --- ERROR --- DatabaseError(message='column "email" does not existLINE 15:     CHECK (email ~* '^[A-Za-z0-9._%+-]+@[A-Za-z0-9.-]+\.[A-Z...                    ^', payload=CREATE TABLE IF NOT EXISTS users(
    user_uuid UUID PRIMARY KEY DEFAULT uuid_generate_v4() NOT NULL,
    user_name VARCHAR(255) NOT NULL,
    user_password VARCHAR(255) DEFAULT NULL,
    user_email VARCHAR(255) UNIQUE NOT NULL,
    user_favorites JSONB DEFAULT '{}' NOT NULL,
    user_sites INTEGER [] DEFAULT '{}' NOT NULL,
    user_roles INTEGER [] DEFAULT '{}' NOT NULL,
    user_is_system_admin BOOLEAN DEFAULT FALSE NOT NULL,
    user_flags JSONB DEFAULT '{}' NOT NULL,
    user_row_type VARCHAR(50) NOT NULL,
    user_profile_pic_url VARCHAR(255) NOT NULL,
    user_login_type VARCHAR(32) NOT NULL,
    UNIQUE(user_name),
    CHECK (email ~* '^[A-Za-z0-9._%+-]+@[A-Za-z0-9.-]+\.[A-Za-z]{2,}$')
);

, sql='users')
2025-08-23 16:29:12.520195 --- ERROR --- column "username" does not exist
LINE 1: ...est', 'jadowyne@outlook.com', 'user') ON CONFLICT (username)...
                                                             ^
HINT:  Perhaps you meant to reference the column "users.user_name" or the column "excluded.user_name".

2025-08-23 16:30:01.154597 --- ERROR --- null value in column "user_profile_pic_url" of relation "users" violates not-null constraint
DETAIL:  Failing row contains (6527c4a4-d1b0-4c62-a1ae-9dcf5d266bca, jadowyne, test, jadowyne@outlook.com, {}, {}, {}, f, {}, user, null, null).

2025-08-23 16:31:17.437628 --- INFO --- Admin User Created!
2025-08-23 16:31:17.441506 --- ERROR --- module 'application.database_payloads' has no attribute 'StePayload'
2025-08-23 16:32:59.133569 --- INFO --- Admin User Created!
2025-08-23 16:32:59.137731 --- ERROR --- 'Payload' object has no attribute 'payload'
2025-08-23 16:37:08.370102 --- INFO --- Admin User Created!
2025-08-23 16:37:08.383751 --- ERROR --- DatabaseError(message=''site_created_on'', payload={'site_name': 'test', 'site_description': 'Test Site', 'site_created_by': '1a5f4974-45a4-41c2-951b-d391eb19dbd5', 'site_default_zone_uuid': None, 'site_default_auto_issue_location_uuid': None, 'site_default_primary_location_uuid': None, 'site_flags': '{}', 'creation_date': datetime.datetime(2025, 8, 23, 16, 37, 8, 370249)}, sql='INSERT INTO sites(site_name, site_description, site_created_by, site_default_zone_uuid, site_default_auto_issue_location_uuid,site_default_primary_location_uuid, site_created_on, site_flags) VALUES (%(site_name)s, %(site_description)s, %(site_created_by)s, %(site_default_zone_uuid)s, %(site_default_auto_issue_location_uuid)s, %(site_default_primary_location_uuid)s, %(site_created_on)s, %(site_flags)s) RETURNING *;')
2025-08-23 16:38:50.617369 --- INFO --- Admin User Created!
2025-08-23 16:38:50.639831 --- ERROR --- DatabaseError(message='invalid input syntax for type integer: "00210dd7-44c1-41e0-8272-3583eb85e6fc"LINE 4: VALUES ('test', 'Test Site', '00210dd7-44c1-41e0-8272-3583eb...                                     ^', payload={'site_name': 'test', 'site_description': 'Test Site', 'site_created_by': '00210dd7-44c1-41e0-8272-3583eb85e6fc', 'site_default_zone_uuid': None, 'site_default_auto_issue_location_uuid': None, 'site_default_primary_location_uuid': None, 'site_flags': '{}', 'site_created_on': datetime.datetime(2025, 8, 23, 16, 38, 50, 617486)}, sql='INSERT INTO sites(site_name, site_description, site_created_by, site_default_zone_uuid, site_default_auto_issue_location_uuid,site_default_primary_location_uuid, site_created_on, site_flags) VALUES (%(site_name)s, %(site_description)s, %(site_created_by)s, %(site_default_zone_uuid)s, %(site_default_auto_issue_location_uuid)s, %(site_default_primary_location_uuid)s, %(site_created_on)s, %(site_flags)s) RETURNING *;')
2025-08-23 16:39:36.427017 --- INFO --- Admin User Created!
2025-08-23 16:39:36.433239 --- ERROR --- 'id'
2025-08-23 16:48:55.484197 --- INFO --- Admin User Created!
2025-08-23 16:48:55.492650 --- ERROR --- 'id'
2025-08-23 16:58:58.514948 --- ERROR --- 'id'
2025-08-23 17:04:20.166776 --- ERROR --- DatabaseError(message='relation "logins" does not existLINE 1: UPDATE logins SET sites = sites || '5c850d2d-ee69-4ac4-bfd5-...               ^', payload={'user_uuid': '50743800-3079-455e-a670-5f7877788dec', 'site_uuid': 'b25fffee-4cef-4709-8715-db530e3c9384', 'role_uuid': '5c850d2d-ee69-4ac4-bfd5-06e7c0975ca9'}, sql='UPDATE logins SET sites = sites || %(role_uuid)s, site_roles = site_roles || %(site_uuid)s WHERE user_uuid=%(user_uuid)s RETURNING *;')
2025-08-23 17:04:40.007890 --- ERROR --- DatabaseError(message='column "sites" does not existLINE 1: UPDATE users SET sites = sites || '08c400af-3ddc-470f-9c9b-6...                                 ^', payload={'user_uuid': 'c5bd7fa0-1fcb-4191-8a55-bf41fd758526', 'site_uuid': 'bb8e2c49-6ad4-4f94-9046-cf5115719cb5', 'role_uuid': '08c400af-3ddc-470f-9c9b-6bb6d1d1b9f4'}, sql='UPDATE users SET sites = sites || %(role_uuid)s, site_roles = site_roles || %(site_uuid)s WHERE user_uuid=%(user_uuid)s RETURNING *;')
2025-08-23 17:05:24.724897 --- ERROR --- DatabaseError(message='malformed array literal: "ed4d4296-5b95-4845-80d4-1b9332c948a2"LINE 1: UPDATE users SET user_sites = user_sites || 'ed4d4296-5b95-4...                                                    ^DETAIL:  Array value must start with "{" or dimension information.', payload={'user_uuid': '9fbc9988-2e58-4495-b7a6-a90bb9163cce', 'site_uuid': 'ed4d4296-5b95-4845-80d4-1b9332c948a2', 'role_uuid': '75d88aad-3631-4f20-b4af-af84fc966a0e'}, sql='UPDATE users SET user_sites = user_sites || %(site_uuid)s, user_roles = user_roles || %(role_uuid)s WHERE user_uuid=%(user_uuid)s RETURNING *;')
2025-08-23 17:08:18.737775 --- ERROR --- 'id'
2025-08-23 17:08:37.076305 --- ERROR --- 'site_namm'
2025-08-23 17:08:46.649822 --- ERROR --- DatabaseError(message='relation "test_sites" does not existLINE 1: UPDATE test_sites SET default_zone = '121010a4-80f2-4e77-954...               ^', payload={'key': '9eea0818-071c-47d0-8545-d3fde380a84c', 'update': {'default_zone': '121010a4-80f2-4e77-9542-b5f2e08bca6e', 'default_auto_issue_location': '4c50a4b6-066c-4be2-9cd9-a642d6c022c5', 'default_primary_location': '4c50a4b6-066c-4be2-9cd9-a642d6c022c5'}}, sql='UPDATE test_sites SET default_zone = %s, default_auto_issue_location = %s, default_primary_location = %s WHERE site_uuid=%s RETURNING *;')
2025-08-23 17:11:26.904676 --- ERROR --- type object 'BaseModel' has no attribute 'updateStringFactory'
2025-08-23 17:12:17.236998 --- ERROR --- 'str' object has no attribute 'table_name'
2025-08-23 17:12:43.694531 --- ERROR --- string indices must be integers, not 'str'
2025-08-23 17:13:28.577340 --- ERROR --- DatabaseError(message='column "default_zone" of relation "sites" does not existLINE 1: UPDATE sites SET default_zone = 'b8c335a8-3813-43ff-857c-548...                         ^', payload={'key': 'ff81d4f6-a21b-48cf-b2d9-510ca9f0185b', 'update': {'default_zone': 'b8c335a8-3813-43ff-857c-54870f9c8471', 'default_auto_issue_location': '8af88ddc-7c7a-4daa-a797-708aa47080fc', 'default_primary_location': '8af88ddc-7c7a-4daa-a797-708aa47080fc'}}, sql='UPDATE sites SET default_zone = %s, default_auto_issue_location = %s, default_primary_location = %s WHERE site_uuid=%s RETURNING *;')
2025-08-23 17:17:18.408708 --- ERROR --- DatabaseError(message=''created_by'', payload={'vendor_name': 'None', 'vendor_created_by': '3ba91bc5-277e-4601-abb2-a5b27245a1fd', 'vendor_address': '', 'vendor_phone_number': '', 'creation_date': datetime.datetime(2025, 8, 23, 17, 17, 18, 396948)}, sql='INSERT INTO test_vendors(vendor_name, vendor_address, creation_date, created_by, phone_number) VALUES (%(vendor_name)s, %(vendor_address)s, %(creation_date)s, %(created_by)s, %(phone_number)s) RETURNING *;')
2025-08-23 17:18:26.770976 --- ERROR --- DatabaseError(message=''vendor_creation_date'', payload={'vendor_name': 'None', 'vendor_created_by': 'd7f2db01-ccef-4318-8b0b-68e53da39c91', 'vendor_address': '', 'vendor_phone_number': '', 'creation_date': datetime.datetime(2025, 8, 23, 17, 18, 26, 756696)}, sql='INSERT INTO test_vendors(vendor_name, vendor_address, vendor_creation_date, vendor_created_by, vendor_phone_number) VALUES (%(vendor_name)s, %(vendor_address)s, %(vendor_creation_date)s, %(vendor_created_by)s, %(vendor_phone_number)s) RETURNING *;')
2025-08-23 17:18:56.506382 --- ERROR --- DatabaseError(message='column "name" of relation "test_brands" does not existLINE 2: (name)          ^', payload={'name': 'None'}, sql='INSERT INTO test_brands(name) VALUES (%(name)s) RETURNING *;')
2025-08-23 17:32:23.726444 --- ERROR --- DatabaseError(message='invalid input syntax for type uuid: ""LINE 1: SELECT * FROM roles WHERE role_site_uuid = '';                                                   ^', payload={'site_uuid': ''}, sql='SELECT * FROM roles WHERE role_site_uuid = %(site_uuid)s;')
2025-08-23 17:33:03.405287 --- ERROR --- DatabaseError(message='invalid input syntax for type uuid: ""LINE 1: SELECT * FROM roles WHERE role_site_uuid = '';                                                   ^', payload={'site_uuid': ''}, sql='SELECT * FROM roles WHERE role_site_uuid = %(site_uuid)s;')
2025-08-23 17:33:20.698805 --- ERROR --- DatabaseError(message='invalid input syntax for type uuid: ""LINE 1: SELECT * FROM roles WHERE role_site_uuid = ''::uuid;                                                   ^', payload={'site_uuid': ''}, sql='SELECT * FROM roles WHERE role_site_uuid = %(site_uuid)s::uuid;')
2025-08-23 17:34:16.123751 --- ERROR --- 'id'
2025-08-23 17:34:21.617218 --- ERROR --- 'id'
2025-08-23 17:35:11.957920 --- ERROR --- DatabaseError(message='relation "_roles" does not existLINE 1: WITH deleted_rows AS (DELETE FROM _roles WHERE id IN ('606f8...                                          ^', payload=['606f8ca9-dcbe-4ad2-8af6-931e23a6e191'], sql='WITH deleted_rows AS (DELETE FROM _roles WHERE id IN (%s) RETURNING *) SELECT * FROM deleted_rows;')
2025-08-23 17:36:53.469812 --- ERROR --- DatabaseError(message='syntax error at or near ")"LINE 1: ...ed_rows AS (DELETE FROM roles WHERE role_uuid IN () RETURNIN...                                                             ^', payload=, sql='WITH deleted_rows AS (DELETE FROM roles WHERE role_uuid IN () RETURNING *) SELECT * FROM deleted_rows;')
2025-08-23 17:37:59.391466 --- ERROR --- DatabaseError(message='syntax error at or near ")"LINE 1: ...ed_rows AS (DELETE FROM roles WHERE role_uuid IN () RETURNIN...                                                             ^', payload=, sql='WITH deleted_rows AS (DELETE FROM roles WHERE role_uuid IN () RETURNING *) SELECT * FROM deleted_rows;')
2025-08-23 17:39:20.977935 --- ERROR --- 'id'
2025-08-23 17:41:05.777447 --- ERROR --- 'id'
2025-08-24 09:35:52.902187 --- ERROR --- DatabaseError(message='syntax error at or near ")"LINE 13: );         ^', payload=CREATE TABLE IF NOT EXISTS test_items(
    item_uuid UUID PRIMARY KEY DEFAULT uuid_generate_v4(),
    item_created_at TIMESTAMP WITH TIME ZONE DEFAULT now() NOT NULL,
    item_updated_at TIMESTAMP WITH TIME ZONE DEFAULT now() NOT NULL,
    item_name VARCHAR(255) NOT NULL,
    item_description TEXT DEFAULT '' NOT NULL,
    item_tags TEXT [] DEFAULT '{}' NOT NULL,
    item_links JSONB DEFAULT '{}' NOT NULL,
    item_brand_uuid UUID DEFAULT NULL,
    item_category VARCHAR(255) NOT NULL,
    item_search_string TEXT DEFAULT '' NOT NULL,
    item_inactive BOOLEAN DEFAULT false NOT NULL,
);
, sql='items')
2025-08-24 17:22:46.028941 --- ERROR --- DatabaseError(message='relation "test_vendors" does not exist', payload=CREATE TABLE IF NOT EXISTS test_cost_layers (
    item_location_uuid UUID REFERENCES test_item_locations(item_location_uuid) ON DELETE SET NULL,
    layer_aquisition_date TIMESTAMP WITH TIME ZONE DEFAULT now() NOT NULL,
    layer_quantity FLOAT8 DEFAULT 0.00 NOT NULL,
    layer_cost FLOAT8 DEFAULT 0.00 NOT NULL,
    layer_currency_type VARCHAR(16) DEFAULT 'USD' NOT NULL,
    layer_expires TIMESTAMP DEFAULT NULL,
    layer_vendor UUID DEFAULT NULL REFERENCES test_vendors(vendor_uuid) ON DELETE SET NULL
);, sql='cost_layers')
